Arguments: 
  /usr/bin/node /usr/bin/yarn add bootstrap:~4.0

PATH: 
  /home/vagrant/.composer/vendor/bin:/usr/local/go/bin:/usr/local/sbin:/usr/local/bin:/usr/sbin:/usr/bin:/sbin:/bin:/usr/games:/usr/local/games

Yarn version: 
  1.7.0

Node version: 
  8.11.2

Platform: 
  linux x64

Trace: 
  Error: bootstrap:/~4.0: Invalid URI "bootstrap:/~4.0"
      at Request.module.exports.Request.init (/usr/lib/node_modules/yarn/lib/cli.js:134763:31)
      at new Request (/usr/lib/node_modules/yarn/lib/cli.js:134617:8)
      at request (/usr/lib/node_modules/yarn/lib/cli.js:131616:10)
      at RequestManager.execute (/usr/lib/node_modules/yarn/lib/cli.js:65708:15)
      at RequestManager.shiftQueue (/usr/lib/node_modules/yarn/lib/cli.js:65735:10)
      at /usr/lib/node_modules/yarn/lib/cli.js:65486:13
      at new Promise (<anonymous>)
      at new F (/usr/lib/node_modules/yarn/lib/cli.js:23451:28)
      at RequestManager.request (/usr/lib/node_modules/yarn/lib/cli.js:65484:19)
      at NpmRegistry.request (/usr/lib/node_modules/yarn/lib/cli.js:31153:32)

npm manifest: 
  No manifest

yarn manifest: 
  No manifest

Lockfile: 
  No lockfile
